07/03/2024 21:39:22 PM - INFO - 找到匹配的文件:PATH:d:\Python Project\PythonPrj\test\1.zip,   filename:货物清单_xxxx.xlsx,    sheet_name:Sheet1
07/03/2024 21:39:23 PM - INFO - 找到匹配的文件:PATH:d:\Python Project\PythonPrj\test\1.zip,   filename:货物清单_test.xlsx,    sheet_name:低压开关柜-标准化定制（紧凑型）
07/03/2024 21:39:24 PM - INFO - 找到匹配的文件:PATH:d:\Python Project\PythonPrj\test\1.zip,   filename:货物清单_test.xlsx,    sheet_name:低压开关柜-标准化定制（标准型）
07/03/2024 21:39:25 PM - INFO - 找到匹配的文件:PATH:d:\Python Project\PythonPrj\test\2024042252404171.zip,   filename:货物清单_国网上海市电力公司2024年第二次配网物资协议库存招标采购20240422_182507_142.xlsx,    sheet_name:低压开关柜-380小型化500柜宽
07/03/2024 21:39:26 PM - INFO - 找到匹配的文件:PATH:d:\Python Project\PythonPrj\test\2024042252404171.zip,   filename:货物清单_国网上海市电力公司2024年第二次配网物资协议库存招标采购20240422_182507_142.xlsx,    sheet_name:低压开关柜-380小型化700柜宽
07/03/2024 21:41:25 PM - INFO - 找到匹配的文件:PATH:d:\Python Project\PythonPrj\test\1.zip,   filename:货物清单_xxxx.xlsx,    sheet_name:Sheet1
07/03/2024 21:41:27 PM - INFO - 找到匹配的文件:PATH:d:\Python Project\PythonPrj\test\1.zip,   filename:货物清单_test.xlsx,    sheet_name:低压开关柜-标准化定制（紧凑型）
07/03/2024 21:41:27 PM - INFO - 找到匹配的文件:PATH:d:\Python Project\PythonPrj\test\1.zip,   filename:货物清单_test.xlsx,    sheet_name:低压开关柜-标准化定制（标准型）
07/03/2024 21:41:28 PM - INFO - 找到匹配的文件:PATH:d:\Python Project\PythonPrj\test\2024042252404171.zip,   filename:货物清单_国网上海市电力公司2024年第二次配网物资协议库存招标采购20240422_182507_142.xlsx,    sheet_name:低压开关柜-380小型化500柜宽
07/03/2024 21:41:29 PM - INFO - 找到匹配的文件:PATH:d:\Python Project\PythonPrj\test\2024042252404171.zip,   filename:货物清单_国网上海市电力公司2024年第二次配网物资协议库存招标采购20240422_182507_142.xlsx,    sheet_name:低压开关柜-380小型化700柜宽
07/04/2024 07:59:49 AM - INFO - 找到匹配的文件:PATH:d:\Python Project\PythonPrj\test\1.zip,   filename:货物清单_xxxx.xlsx,    sheet_name:Sheet1
07/04/2024 07:59:49 AM - INFO - 找到匹配的文件:PATH:d:\Python Project\PythonPrj\test\1.zip,   filename:货物清单_test.xlsx,    sheet_name:低压开关柜-标准化定制（紧凑型）
07/04/2024 07:59:50 AM - INFO - 找到匹配的文件:PATH:d:\Python Project\PythonPrj\test\1.zip,   filename:货物清单_test.xlsx,    sheet_name:低压开关柜-标准化定制（标准型）
07/04/2024 07:59:50 AM - INFO - 找到匹配的文件:PATH:d:\Python Project\PythonPrj\test\2024042252404171.zip,   filename:货物清单_国网上海市电力公司2024年第二次配网物资协议库存招标采购20240422_182507_142.xlsx,    sheet_name:低压开关柜-380小型化500柜宽
07/04/2024 07:59:51 AM - INFO - 找到匹配的文件:PATH:d:\Python Project\PythonPrj\test\2024042252404171.zip,   filename:货物清单_国网上海市电力公司2024年第二次配网物资协议库存招标采购20240422_182507_142.xlsx,    sheet_name:低压开关柜-380小型化700柜宽
07/04/2024 08:01:09 AM - INFO - 找到匹配的文件:PATH:d:\Python Project\PythonPrj\test\1.zip,   filename:货物清单_xxxx.xlsx,    sheet_name:Sheet1
07/04/2024 08:01:10 AM - INFO - 找到匹配的文件:PATH:d:\Python Project\PythonPrj\test\1.zip,   filename:货物清单_test.xlsx,    sheet_name:低压开关柜-标准化定制（紧凑型）
07/04/2024 08:01:10 AM - INFO - 找到匹配的文件:PATH:d:\Python Project\PythonPrj\test\1.zip,   filename:货物清单_test.xlsx,    sheet_name:低压开关柜-标准化定制（标准型）
07/04/2024 08:01:11 AM - INFO - 找到匹配的文件:PATH:d:\Python Project\PythonPrj\test\2024042252404171.zip,   filename:货物清单_国网上海市电力公司2024年第二次配网物资协议库存招标采购20240422_182507_142.xlsx,    sheet_name:低压开关柜-380小型化500柜宽
07/04/2024 08:01:11 AM - INFO - 找到匹配的文件:PATH:d:\Python Project\PythonPrj\test\2024042252404171.zip,   filename:货物清单_国网上海市电力公司2024年第二次配网物资协议库存招标采购20240422_182507_142.xlsx,    sheet_name:低压开关柜-380小型化700柜宽
07/04/2024 08:02:48 AM - INFO - 找到匹配的文件:PATH:d:\Python Project\PythonPrj\test\1.zip,   filename:货物清单_xxxx.xlsx,    sheet_name:Sheet1
07/04/2024 08:02:49 AM - INFO - 找到匹配的文件:PATH:d:\Python Project\PythonPrj\test\1.zip,   filename:货物清单_test.xlsx,    sheet_name:低压开关柜-标准化定制（紧凑型）
07/04/2024 08:02:49 AM - INFO - 找到匹配的文件:PATH:d:\Python Project\PythonPrj\test\1.zip,   filename:货物清单_test.xlsx,    sheet_name:低压开关柜-标准化定制（标准型）
07/04/2024 08:02:50 AM - INFO - 找到匹配的文件:PATH:d:\Python Project\PythonPrj\test\2024042252404171.zip,   filename:货物清单_国网上海市电力公司2024年第二次配网物资协议库存招标采购20240422_182507_142.xlsx,    sheet_name:低压开关柜-380小型化500柜宽
07/04/2024 08:02:50 AM - INFO - 找到匹配的文件:PATH:d:\Python Project\PythonPrj\test\2024042252404171.zip,   filename:货物清单_国网上海市电力公司2024年第二次配网物资协议库存招标采购20240422_182507_142.xlsx,    sheet_name:低压开关柜-380小型化700柜宽
07/04/2024 08:03:11 AM - INFO - 找到匹配的文件:PATH:d:\Python Project\PythonPrj\test\1.zip,   filename:货物清单_xxxx.xlsx,    sheet_name:Sheet1
07/04/2024 08:03:12 AM - INFO - 找到匹配的文件:PATH:d:\Python Project\PythonPrj\test\1.zip,   filename:货物清单_test.xlsx,    sheet_name:低压开关柜-标准化定制（紧凑型）
07/04/2024 08:03:12 AM - INFO - 找到匹配的文件:PATH:d:\Python Project\PythonPrj\test\1.zip,   filename:货物清单_test.xlsx,    sheet_name:低压开关柜-标准化定制（标准型）
07/04/2024 08:03:13 AM - INFO - 找到匹配的文件:PATH:d:\Python Project\PythonPrj\test\2024042252404171.zip,   filename:货物清单_国网上海市电力公司2024年第二次配网物资协议库存招标采购20240422_182507_142.xlsx,    sheet_name:低压开关柜-380小型化500柜宽
07/04/2024 08:03:13 AM - INFO - 找到匹配的文件:PATH:d:\Python Project\PythonPrj\test\2024042252404171.zip,   filename:货物清单_国网上海市电力公司2024年第二次配网物资协议库存招标采购20240422_182507_142.xlsx,    sheet_name:低压开关柜-380小型化700柜宽
07/04/2024 08:03:36 AM - INFO - 找到匹配的文件:PATH:d:\Python Project\PythonPrj\test\1.zip,   filename:货物清单_xxxx.xlsx,    sheet_name:Sheet1
07/04/2024 08:03:36 AM - INFO - 找到匹配的文件:PATH:d:\Python Project\PythonPrj\test\1.zip,   filename:货物清单_test.xlsx,    sheet_name:低压开关柜-标准化定制（紧凑型）
07/04/2024 08:03:37 AM - INFO - 找到匹配的文件:PATH:d:\Python Project\PythonPrj\test\1.zip,   filename:货物清单_test.xlsx,    sheet_name:低压开关柜-标准化定制（标准型）
07/04/2024 08:03:37 AM - INFO - 找到匹配的文件:PATH:d:\Python Project\PythonPrj\test\2024042252404171.zip,   filename:货物清单_国网上海市电力公司2024年第二次配网物资协议库存招标采购20240422_182507_142.xlsx,    sheet_name:低压开关柜-380小型化500柜宽
07/04/2024 08:03:38 AM - INFO - 找到匹配的文件:PATH:d:\Python Project\PythonPrj\test\2024042252404171.zip,   filename:货物清单_国网上海市电力公司2024年第二次配网物资协议库存招标采购20240422_182507_142.xlsx,    sheet_name:低压开关柜-380小型化700柜宽
07/04/2024 08:04:00 AM - INFO - 找到匹配的文件:PATH:d:\Python Project\PythonPrj\test\1.zip,   filename:货物清单_xxxx.xlsx,    sheet_name:Sheet1
07/04/2024 08:04:00 AM - INFO - 找到匹配的文件:PATH:d:\Python Project\PythonPrj\test\1.zip,   filename:货物清单_test.xlsx,    sheet_name:低压开关柜-标准化定制（紧凑型）
07/04/2024 08:04:01 AM - INFO - 找到匹配的文件:PATH:d:\Python Project\PythonPrj\test\1.zip,   filename:货物清单_test.xlsx,    sheet_name:低压开关柜-标准化定制（标准型）
07/04/2024 08:04:01 AM - INFO - 找到匹配的文件:PATH:d:\Python Project\PythonPrj\test\2024042252404171.zip,   filename:货物清单_国网上海市电力公司2024年第二次配网物资协议库存招标采购20240422_182507_142.xlsx,    sheet_name:低压开关柜-380小型化500柜宽
07/04/2024 08:04:02 AM - INFO - 找到匹配的文件:PATH:d:\Python Project\PythonPrj\test\2024042252404171.zip,   filename:货物清单_国网上海市电力公司2024年第二次配网物资协议库存招标采购20240422_182507_142.xlsx,    sheet_name:低压开关柜-380小型化700柜宽
07/04/2024 08:04:50 AM - INFO - 找到匹配的文件:PATH:d:\Python Project\PythonPrj\test\1.zip,   filename:货物清单_xxxx.xlsx,    sheet_name:Sheet1
07/04/2024 08:04:50 AM - INFO - 找到匹配的文件:PATH:d:\Python Project\PythonPrj\test\1.zip,   filename:货物清单_test.xlsx,    sheet_name:低压开关柜-标准化定制（紧凑型）
07/04/2024 08:04:51 AM - INFO - 找到匹配的文件:PATH:d:\Python Project\PythonPrj\test\1.zip,   filename:货物清单_test.xlsx,    sheet_name:低压开关柜-标准化定制（标准型）
07/04/2024 08:04:52 AM - INFO - 找到匹配的文件:PATH:d:\Python Project\PythonPrj\test\2024042252404171.zip,   filename:货物清单_国网上海市电力公司2024年第二次配网物资协议库存招标采购20240422_182507_142.xlsx,    sheet_name:低压开关柜-380小型化500柜宽
07/04/2024 08:04:52 AM - INFO - 找到匹配的文件:PATH:d:\Python Project\PythonPrj\test\2024042252404171.zip,   filename:货物清单_国网上海市电力公司2024年第二次配网物资协议库存招标采购20240422_182507_142.xlsx,    sheet_name:低压开关柜-380小型化700柜宽
07/04/2024 08:05:25 AM - INFO - 找到匹配的文件:PATH:d:\Python Project\PythonPrj\test\1.zip,   filename:货物清单_xxxx.xlsx,    sheet_name:Sheet1
07/04/2024 08:05:26 AM - INFO - 找到匹配的文件:PATH:d:\Python Project\PythonPrj\test\1.zip,   filename:货物清单_test.xlsx,    sheet_name:低压开关柜-标准化定制（紧凑型）
07/04/2024 08:05:26 AM - INFO - 找到匹配的文件:PATH:d:\Python Project\PythonPrj\test\1.zip,   filename:货物清单_test.xlsx,    sheet_name:低压开关柜-标准化定制（标准型）
07/04/2024 08:05:27 AM - INFO - 找到匹配的文件:PATH:d:\Python Project\PythonPrj\test\2024042252404171.zip,   filename:货物清单_国网上海市电力公司2024年第二次配网物资协议库存招标采购20240422_182507_142.xlsx,    sheet_name:低压开关柜-380小型化500柜宽
07/04/2024 08:05:27 AM - INFO - 找到匹配的文件:PATH:d:\Python Project\PythonPrj\test\2024042252404171.zip,   filename:货物清单_国网上海市电力公司2024年第二次配网物资协议库存招标采购20240422_182507_142.xlsx,    sheet_name:低压开关柜-380小型化700柜宽
07/04/2024 08:05:35 AM - INFO - 找到匹配的文件:PATH:d:\Python Project\PythonPrj\test\1.zip,   filename:货物清单_xxxx.xlsx,    sheet_name:Sheet1
07/04/2024 08:05:36 AM - INFO - 找到匹配的文件:PATH:d:\Python Project\PythonPrj\test\1.zip,   filename:货物清单_test.xlsx,    sheet_name:低压开关柜-标准化定制（紧凑型）
07/04/2024 08:05:36 AM - INFO - 找到匹配的文件:PATH:d:\Python Project\PythonPrj\test\1.zip,   filename:货物清单_test.xlsx,    sheet_name:低压开关柜-标准化定制（标准型）
07/04/2024 08:05:37 AM - INFO - 找到匹配的文件:PATH:d:\Python Project\PythonPrj\test\2024042252404171.zip,   filename:货物清单_国网上海市电力公司2024年第二次配网物资协议库存招标采购20240422_182507_142.xlsx,    sheet_name:低压开关柜-380小型化500柜宽
07/04/2024 08:05:37 AM - INFO - 找到匹配的文件:PATH:d:\Python Project\PythonPrj\test\2024042252404171.zip,   filename:货物清单_国网上海市电力公司2024年第二次配网物资协议库存招标采购20240422_182507_142.xlsx,    sheet_name:低压开关柜-380小型化700柜宽
07/10/2024 08:03:04 AM - ERROR - An error occurredcannot access local variable 'str' where it is not associated with a value
Traceback (most recent call last):
  File "d:\Python Project\PythonPrj\筛选SLVA.py", line 64, in <module>
    zippd(full_path,keywords_set,savedexcel)
  File "d:\Python Project\PythonPrj\筛选SLVA.py", line 19, in zippd
    mask = dftemp['物料编码'].astype(str).isin(params_set)
                             ^^^
UnboundLocalError: cannot access local variable 'str' where it is not associated with a value
07/10/2024 08:03:04 AM - ERROR - error zip Path:d:\Python Project\PythonPrj\test\2024042252404171.zip
07/10/2024 08:03:27 AM - ERROR - An error occurredcannot access local variable 'str' where it is not associated with a value
Traceback (most recent call last):
  File "d:\Python Project\PythonPrj\筛选SLVA.py", line 64, in <module>
    zippd(full_path,keywords_set,savedexcel)
  File "d:\Python Project\PythonPrj\筛选SLVA.py", line 19, in zippd
    mask = dftemp['物料编码'].astype(str).isin(params_set)
                             ^^^
UnboundLocalError: cannot access local variable 'str' where it is not associated with a value
07/10/2024 08:03:27 AM - ERROR - error zip Path:d:\Python Project\PythonPrj\test\2024042252404171.zip
07/10/2024 08:04:15 AM - DEBUG - Starting new HTTPS connection (1): qyapi.weixin.qq.com:443
07/10/2024 08:04:16 AM - DEBUG - https://qyapi.weixin.qq.com:443 "POST /cgi-bin/webhook/send?key=f16befea-b333-4384-8793-4d027324542f HTTP/11" 200 27
07/10/2024 08:04:16 AM - INFO - 找到匹配的文件:PATH:d:\Python Project\PythonPrj\test\2024042252404171.zip,   filename:货物清单_国网上海市电力公司2024年第二次配网物资协议库存招标采购20240422_182507_142.xlsx,    sheet_name:低压开关柜-380小型化500柜宽
07/10/2024 08:04:16 AM - DEBUG - Starting new HTTPS connection (1): qyapi.weixin.qq.com:443
07/10/2024 08:04:17 AM - DEBUG - https://qyapi.weixin.qq.com:443 "POST /cgi-bin/webhook/send?key=f16befea-b333-4384-8793-4d027324542f HTTP/11" 200 27
07/10/2024 08:04:17 AM - INFO - 找到匹配的文件:PATH:d:\Python Project\PythonPrj\test\2024042252404171.zip,   filename:货物清单_国网上海市电力公司2024年第二次配网物资协议库存招标采购20240422_182507_142.xlsx,    sheet_name:低压开关柜-380小型化700柜宽
07/10/2024 08:40:19 AM - DEBUG - Starting new HTTPS connection (1): qyapi.weixin.qq.com:443
07/10/2024 08:40:20 AM - DEBUG - https://qyapi.weixin.qq.com:443 "POST /cgi-bin/webhook/send?key=f16befea-b333-4384-8793-4d027324542f HTTP/11" 200 27
07/10/2024 08:40:20 AM - INFO - 找到匹配的文件:PATH:d:\Python Project\PythonPrj\test\2024042252404171.zip,   filename:货物清单_国网上海市电力公司2024年第二次配网物资协议库存招标采购20240422_182507_142.xlsx,    sheet_name:低压开关柜-380小型化500柜宽
07/10/2024 08:40:20 AM - DEBUG - Starting new HTTPS connection (1): qyapi.weixin.qq.com:443
07/10/2024 08:40:20 AM - DEBUG - https://qyapi.weixin.qq.com:443 "POST /cgi-bin/webhook/send?key=f16befea-b333-4384-8793-4d027324542f HTTP/11" 200 27
07/10/2024 08:40:20 AM - INFO - 找到匹配的文件:PATH:d:\Python Project\PythonPrj\test\2024042252404171.zip,   filename:货物清单_国网上海市电力公司2024年第二次配网物资协议库存招标采购20240422_182507_142.xlsx,    sheet_name:低压开关柜-380小型化700柜宽
07/10/2024 12:46:07 PM - DEBUG - Starting new HTTPS connection (1): qyapi.weixin.qq.com:443
07/10/2024 12:46:08 PM - DEBUG - https://qyapi.weixin.qq.com:443 "POST /cgi-bin/webhook/send?key=f16befea-b333-4384-8793-4d027324542f HTTP/11" 200 27
07/10/2024 12:46:08 PM - INFO - 找到匹配的文件:PATH:d:\Python Project\PythonPrj\test\2024042252404171.zip,   filename:货物清单_国网上海市电力公司2024年第二次配网物资协议库存招标采购20240422_182507_142.xlsx,    sheet_name:低压开关柜-380小型化500柜宽
07/10/2024 12:46:08 PM - DEBUG - Starting new HTTPS connection (1): qyapi.weixin.qq.com:443
07/10/2024 12:46:09 PM - DEBUG - https://qyapi.weixin.qq.com:443 "POST /cgi-bin/webhook/send?key=f16befea-b333-4384-8793-4d027324542f HTTP/11" 200 27
07/10/2024 12:46:09 PM - INFO - 找到匹配的文件:PATH:d:\Python Project\PythonPrj\test\2024042252404171.zip,   filename:货物清单_国网上海市电力公司2024年第二次配网物资协议库存招标采购20240422_182507_142.xlsx,    sheet_name:低压开关柜-380小型化700柜宽
07/10/2024 12:48:48 PM - DEBUG - Starting new HTTPS connection (1): qyapi.weixin.qq.com:443
07/10/2024 12:48:49 PM - DEBUG - https://qyapi.weixin.qq.com:443 "POST /cgi-bin/webhook/send?key=f16befea-b333-4384-8793-4d027324542f HTTP/11" 200 27
07/10/2024 12:48:49 PM - INFO - 找到匹配的文件:PATH:d:\Python Project\PythonPrj\test\2024042252404171.zip,   filename:货物清单_国网上海市电力公司2024年第二次配网物资协议库存招标采购20240422_182507_142.xlsx,    sheet_name:低压开关柜-380小型化500柜宽
07/10/2024 12:48:49 PM - DEBUG - Starting new HTTPS connection (1): qyapi.weixin.qq.com:443
07/10/2024 12:48:49 PM - DEBUG - https://qyapi.weixin.qq.com:443 "POST /cgi-bin/webhook/send?key=f16befea-b333-4384-8793-4d027324542f HTTP/11" 200 27
07/10/2024 12:48:49 PM - INFO - 找到匹配的文件:PATH:d:\Python Project\PythonPrj\test\2024042252404171.zip,   filename:货物清单_国网上海市电力公司2024年第二次配网物资协议库存招标采购20240422_182507_142.xlsx,    sheet_name:低压开关柜-380小型化700柜宽
07/10/2024 12:49:58 PM - DEBUG - Starting new HTTPS connection (1): qyapi.weixin.qq.com:443
07/10/2024 12:49:59 PM - DEBUG - https://qyapi.weixin.qq.com:443 "POST /cgi-bin/webhook/send?key=f16befea-b333-4384-8793-4d027324542f HTTP/11" 200 27
07/10/2024 12:49:59 PM - INFO - 找到匹配的文件:PATH:d:\Python Project\PythonPrj\test\2024042252404171.zip,   filename:货物清单_国网上海市电力公司2024年第二次配网物资协议库存招标采购20240422_182507_142.xlsx,    sheet_name:低压开关柜-380小型化500柜宽
07/10/2024 12:49:59 PM - DEBUG - Starting new HTTPS connection (1): qyapi.weixin.qq.com:443
07/10/2024 12:49:59 PM - DEBUG - https://qyapi.weixin.qq.com:443 "POST /cgi-bin/webhook/send?key=f16befea-b333-4384-8793-4d027324542f HTTP/11" 200 27
07/10/2024 12:49:59 PM - INFO - 找到匹配的文件:PATH:d:\Python Project\PythonPrj\test\2024042252404171.zip,   filename:货物清单_国网上海市电力公司2024年第二次配网物资协议库存招标采购20240422_182507_142.xlsx,    sheet_name:低压开关柜-380小型化700柜宽
07/10/2024 12:51:18 PM - DEBUG - Starting new HTTPS connection (1): qyapi.weixin.qq.com:443
07/10/2024 12:51:19 PM - DEBUG - https://qyapi.weixin.qq.com:443 "POST /cgi-bin/webhook/send?key=f16befea-b333-4384-8793-4d027324542f HTTP/11" 200 27
07/10/2024 12:51:19 PM - INFO - 找到匹配的文件:PATH:d:\Python Project\PythonPrj\test\2024042252404171.zip,   filename:货物清单_国网上海市电力公司2024年第二次配网物资协议库存招标采购20240422_182507_142.xlsx,    sheet_name:低压开关柜-380小型化500柜宽
07/10/2024 12:51:19 PM - DEBUG - Starting new HTTPS connection (1): qyapi.weixin.qq.com:443
07/10/2024 12:51:19 PM - DEBUG - https://qyapi.weixin.qq.com:443 "POST /cgi-bin/webhook/send?key=f16befea-b333-4384-8793-4d027324542f HTTP/11" 200 27
07/10/2024 12:51:19 PM - INFO - 找到匹配的文件:PATH:d:\Python Project\PythonPrj\test\2024042252404171.zip,   filename:货物清单_国网上海市电力公司2024年第二次配网物资协议库存招标采购20240422_182507_142.xlsx,    sheet_name:低压开关柜-380小型化700柜宽
07/10/2024 12:53:19 PM - DEBUG - Starting new HTTPS connection (1): qyapi.weixin.qq.com:443
07/10/2024 12:53:20 PM - DEBUG - https://qyapi.weixin.qq.com:443 "POST /cgi-bin/webhook/send?key=f16befea-b333-4384-8793-4d027324542f HTTP/11" 200 27
07/10/2024 12:53:20 PM - INFO - 找到匹配的文件:PATH:d:\Python Project\PythonPrj\test\2024042252404171.zip,   filename:货物清单_国网上海市电力公司2024年第二次配网物资协议库存招标采购20240422_182507_142.xlsx,    sheet_name:低压开关柜-380小型化500柜宽
07/10/2024 12:53:20 PM - DEBUG - Starting new HTTPS connection (1): qyapi.weixin.qq.com:443
07/10/2024 12:53:21 PM - DEBUG - https://qyapi.weixin.qq.com:443 "POST /cgi-bin/webhook/send?key=f16befea-b333-4384-8793-4d027324542f HTTP/11" 200 27
07/10/2024 12:53:21 PM - INFO - 找到匹配的文件:PATH:d:\Python Project\PythonPrj\test\2024042252404171.zip,   filename:货物清单_国网上海市电力公司2024年第二次配网物资协议库存招标采购20240422_182507_142.xlsx,    sheet_name:低压开关柜-380小型化700柜宽
07/10/2024 12:56:09 PM - DEBUG - Starting new HTTPS connection (1): qyapi.weixin.qq.com:443
07/10/2024 12:56:10 PM - DEBUG - https://qyapi.weixin.qq.com:443 "POST /cgi-bin/webhook/send?key=919183d0-925c-4872-b122-d2e079099a8d HTTP/11" 200 27
07/10/2024 12:56:10 PM - INFO - 找到匹配的文件:PATH:d:\Python Project\PythonPrj\test\2024042252404171.zip,   filename:货物清单_国网上海市电力公司2024年第二次配网物资协议库存招标采购20240422_182507_142.xlsx,    sheet_name:低压开关柜-380小型化500柜宽
07/10/2024 12:56:10 PM - DEBUG - Starting new HTTPS connection (1): qyapi.weixin.qq.com:443
07/10/2024 12:56:10 PM - DEBUG - https://qyapi.weixin.qq.com:443 "POST /cgi-bin/webhook/send?key=919183d0-925c-4872-b122-d2e079099a8d HTTP/11" 200 27
07/10/2024 12:56:10 PM - INFO - 找到匹配的文件:PATH:d:\Python Project\PythonPrj\test\2024042252404171.zip,   filename:货物清单_国网上海市电力公司2024年第二次配网物资协议库存招标采购20240422_182507_142.xlsx,    sheet_name:低压开关柜-380小型化700柜宽
